0 silly argv {
0 silly argv   _: [ 'add' ],
0 silly argv   dev: true,
0 silly argv   D: true,
0 silly argv   globs: [],
0 silly argv   lernaVersion: '4.0.0',
0 silly argv   '$0': 'C:\\Program Files\\nodejs\\node_modules\\lerna\\cli.js',
0 silly argv   pkg: 'typescript'
0 silly argv }
1 notice cli v4.0.0
2 verbose rootPath D:\project\front-knowledge-precipitation
3 info versioning independent
4 error JSONError: Unexpected token "}" (0x7D) in JSON at position 789 while parsing near "...ripts\": \"^4.0.3\",\n  }\n}" in packages\tsx-demo\package.json
4 error
4 error [0m [90m 30 |[39m   [32m"dependencies"[39m[33m:[39m {[0m
4 error [0m [90m 31 |[39m     [32m"react-scripts"[39m[33m:[39m [32m"^4.0.3"[39m[33m,[39m[0m
4 error [0m[31m[1m>[22m[39m[90m 32 |[39m   }[0m
4 error [0m [90m    |[39m   [31m[1m^[22m[39m[0m
4 error [0m [90m 33 |[39m }[0m
4 error
4 error     at parseJson (C:\Users\lqllm\AppData\Roaming\nvm\v14.15.0\node_modules\lerna\node_modules\parse-json\index.js:29:21)
4 error     at parse (C:\Users\lqllm\AppData\Roaming\nvm\v14.15.0\node_modules\lerna\node_modules\load-json-file\index.js:15:9)
4 error     at module.exports (C:\Users\lqllm\AppData\Roaming\nvm\v14.15.0\node_modules\lerna\node_modules\load-json-file\index.js:18:47)
